2001.10.06 20:06 B D:\programmieren\Homepage\HomepageErlg\stammbaum\ahnenforschung.htm --> www.schellinger.de /stammbaum ahnenforschung.htm
2001.10.06 20:06 B D:\programmieren\Homepage\HomepageErlg\stammbaum\alois&theresia_schellinger.htm --> www.schellinger.de /stammbaum alois&theresia_schellinger.htm
2001.10.06 20:06 B D:\programmieren\Homepage\HomepageErlg\stammbaum\baum.jpg --> www.schellinger.de /stammbaum baum.jpg
2001.10.06 20:06 B D:\programmieren\Homepage\HomepageErlg\stammbaum\emil&agathe_schellinger.htm --> www.schellinger.de /stammbaum emil&agathe_schellinger.htm
2001.10.06 20:06 B D:\programmieren\Homepage\HomepageErlg\stammbaum\ernst&hildegard_schellinger.htm --> www.schellinger.de /stammbaum ernst&hildegard_schellinger.htm
2001.10.06 20:07 B D:\programmieren\Homepage\HomepageErlg\stammbaum\familienbild.htm --> www.schellinger.de /stammbaum familienbild.htm
2001.10.06 20:07 B D:\programmieren\Homepage\HomepageErlg\stammbaum\grosseltern.jpg --> www.schellinger.de /stammbaum grosseltern.jpg
2001.10.06 20:07 B D:\programmieren\Homepage\HomepageErlg\stammbaum\grosseltern_picto.jpg --> www.schellinger.de /stammbaum grosseltern_picto.jpg
2001.10.06 20:07 B D:\programmieren\Homepage\HomepageErlg\stammbaum\jakob&salome_schellinger.htm --> www.schellinger.de /stammbaum jakob&salome_schellinger.htm
2001.10.06 20:07 B D:\programmieren\Homepage\HomepageErlg\stammbaum\johann&rosa_schellinger.htm --> www.schellinger.de /stammbaum johann&rosa_schellinger.htm
2001.10.06 20:07 B D:\programmieren\Homepage\HomepageErlg\stammbaum\josef&theresia_schellinger.htm --> www.schellinger.de /stammbaum josef&theresia_schellinger.htm
2001.10.06 20:07 B D:\programmieren\Homepage\HomepageErlg\stammbaum\martin&daniela_bausch.htm --> www.schellinger.de /stammbaum martin&daniela_bausch.htm
2001.10.06 20:07 B D:\programmieren\Homepage\HomepageErlg\stammbaum\michael&salome_schellinger.htm --> www.schellinger.de /stammbaum michael&salome_schellinger.htm
2001.10.06 20:07 B D:\programmieren\Homepage\HomepageErlg\stammbaum\namensindex.htm --> www.schellinger.de /stammbaum namensindex.htm
2001.10.06 20:07 B D:\programmieren\Homepage\HomepageErlg\stammbaum\schellinger.htm --> www.schellinger.de /stammbaum schellinger.htm
2001.10.06 20:08 B D:\programmieren\Homepage\HomepageErlg\stammbaum\stammbaum.jpg --> www.schellinger.de /stammbaum stammbaum.jpg
2001.10.06 20:08 B D:\programmieren\Homepage\HomepageErlg\stammbaum\stammbaum_links.jpg --> www.schellinger.de /stammbaum stammbaum_links.jpg
2001.10.06 20:09 B D:\programmieren\Homepage\HomepageErlg\stammbaum\stammbaum_rechts.jpg --> www.schellinger.de /stammbaum stammbaum_rechts.jpg
2001.10.06 20:09 B D:\programmieren\Homepage\HomepageErlg\stammbaum\tabbkgnd.jpg --> www.schellinger.de /stammbaum tabbkgnd.jpg
2001.10.06 20:09 B D:\programmieren\Homepage\HomepageErlg\stammbaum\verzweigung.jpg --> www.schellinger.de /stammbaum verzweigung.jpg
2001.10.06 20:10 B D:\programmieren\Homepage\HomepageErlg\stammbaum\familienbild.htm --> www.schellinger.de /stammbaum familienbild.htm
2001.10.06 20:11 B D:\programmieren\Homepage\HomepageErlg\stammbaum\w3.jpeg --> www.schellinger.de /stammbaum w3.jpeg
2001.10.06 20:17 B D:\programmieren\Homepage\HomepageErlg\stammbaum\familienbild.htm --> www.schellinger.de /stammbaum familienbild.htm
2001.10.06 20:19 B D:\programmieren\Homepage\HomepageErlg\stammbaum\w3.jpg --> www.schellinger.de /stammbaum w3.jpg
