2007.02.09 22:04 B K:\HomepageStuttgart\POLITIK\Erdvolumen.jpg --> www.schellinger.de /POLITIK Erdvolumen.jpg
2007.02.09 22:04 B K:\HomepageStuttgart\POLITIK\Eurodm3.jpg --> www.schellinger.de /POLITIK Eurodm3.jpg
2007.02.09 22:04 B K:\HomepageStuttgart\POLITIK\Gedicht1 --> www.schellinger.de /POLITIK Gedicht1
2007.02.09 22:04 B K:\HomepageStuttgart\POLITIK\Gedicht1.htm --> www.schellinger.de /POLITIK Gedicht1.htm
2007.02.09 22:04 B K:\HomepageStuttgart\POLITIK\Gedicht1.htm.bak --> www.schellinger.de /POLITIK Gedicht1.htm.bak
2007.02.09 22:04 B K:\HomepageStuttgart\POLITIK\gedicht_vorlage --> www.schellinger.de /POLITIK gedicht_vorlage
2007.02.09 22:04 B K:\HomepageStuttgart\POLITIK\gedicht_vorlage.bak --> www.schellinger.de /POLITIK gedicht_vorlage.bak
2007.02.09 22:04 B K:\HomepageStuttgart\POLITIK\GErde.jpg --> www.schellinger.de /POLITIK GErde.jpg
2007.02.09 22:04 B K:\HomepageStuttgart\POLITIK\GWG.htm --> www.schellinger.de /POLITIK GWG.htm
2007.02.09 22:04 B K:\HomepageStuttgart\POLITIK\Harz4.htm --> www.schellinger.de /POLITIK Harz4.htm
2007.02.09 22:04 B K:\HomepageStuttgart\POLITIK\index.htm --> www.schellinger.de /POLITIK index.htm
2007.02.09 22:04 B K:\HomepageStuttgart\POLITIK\index.htm.bak --> www.schellinger.de /POLITIK index.htm.bak
2007.02.09 22:04 B K:\HomepageStuttgart\POLITIK\Josephcent.jpg --> www.schellinger.de /POLITIK Josephcent.jpg
2007.02.09 22:04 B K:\HomepageStuttgart\POLITIK\mar11.class --> www.schellinger.de /POLITIK mar11.class
2007.02.09 22:04 B K:\HomepageStuttgart\POLITIK\mar11.java --> www.schellinger.de /POLITIK mar11.java
2007.02.09 22:04 B K:\HomepageStuttgart\POLITIK\politik.html --> www.schellinger.de /POLITIK politik.html
2007.02.09 22:04 B K:\HomepageStuttgart\POLITIK\politik.html.bak --> www.schellinger.de /POLITIK politik.html.bak
2007.02.09 22:04 B K:\HomepageStuttgart\POLITIK\politik2.html --> www.schellinger.de /POLITIK politik2.html
2007.02.09 22:04 B K:\HomepageStuttgart\POLITIK\Rede1.htm --> www.schellinger.de /POLITIK Rede1.htm
2007.02.09 22:04 B K:\HomepageStuttgart\POLITIK\Rede2.htm --> www.schellinger.de /POLITIK Rede2.htm
2007.02.09 22:04 B K:\HomepageStuttgart\POLITIK\Rede3.htm --> www.schellinger.de /POLITIK Rede3.htm
2007.02.09 22:04 B K:\HomepageStuttgart\POLITIK\Resolution.htm --> www.schellinger.de /POLITIK Resolution.htm
2007.02.09 22:04 B K:\HomepageStuttgart\POLITIK\SPIEL.HTM --> www.schellinger.de /POLITIK SPIEL.HTM
2007.02.09 22:04 B K:\HomepageStuttgart\POLITIK\spiel.htm.bak --> www.schellinger.de /POLITIK spiel.htm.bak
2007.02.09 22:04 B K:\HomepageStuttgart\POLITIK\spiel.html.bak --> www.schellinger.de /POLITIK spiel.html.bak
2007.02.09 22:04 B K:\HomepageStuttgart\POLITIK\wirtschaftskreislauf_ikon.jpg --> www.schellinger.de /POLITIK wirtschaftskreislauf_ikon.jpg
2007.02.09 22:04 B K:\HomepageStuttgart\POLITIK\wirtschaftsregelkreis.jpg --> www.schellinger.de /POLITIK wirtschaftsregelkreis.jpg
2007.02.09 22:04 B K:\HomepageStuttgart\POLITIK\zinswachstum.class --> www.schellinger.de /POLITIK zinswachstum.class
2007.02.09 22:04 B K:\HomepageStuttgart\POLITIK\zinswachstum.java --> www.schellinger.de /POLITIK zinswachstum.java
2007.02.09 22:04 B K:\HomepageStuttgart\POLITIK\~CP1.htm --> www.schellinger.de /POLITIK ~CP1.htm
2007.02.09 22:04 B K:\HomepageStuttgart\POLITIK\~CP3.htm --> www.schellinger.de /POLITIK ~CP3.htm
